<?xml version="1.0" encoding="UTF-8"?>
<testng-results ignored="0" total="2" passed="2" failed="0" skipped="0">
  <reporter-output>
  </reporter-output>
  <suite started-at="2023-12-02T20:04:01 IST" name="Default suite" finished-at="2023-12-02T20:04:31 IST" duration-ms="30052">
    <groups>
      <group name="cucumber">
        <method signature="AbstractTestNGCucumberTests.runScenario(io.cucumber.testng.PickleWrapper,io.cucumber.testng.FeatureWrapper)[pri:0, instance:runner.testNGRunner@402c4085]" name="runScenario" class="io.cucumber.testng.AbstractTestNGCucumberTests"/>
      </group> <!-- cucumber -->
    </groups>
    <test started-at="2023-12-02T20:04:01 IST" name="Default test" finished-at="2023-12-02T20:04:31 IST" duration-ms="30052">
      <class name="runner.testNGRunner">
        <test-method is-config="true" signature="setUpClass(org.testng.ITestContext)[pri:0, instance:runner.testNGRunner@402c4085]" started-at="2023-12-02T20:04:01 IST" name="setUpClass" finished-at="2023-12-02T20:04:01 IST" duration-ms="474" status="PASS">
          <params>
            <param index="0">
              <value>
                <![CDATA[org.testng.TestRunner@e0d1dc4]]>
              </value>
            </param>
          </params>
          <reporter-output>
          </reporter-output>
        </test-method> <!-- setUpClass -->
        <test-method signature="runScenario(io.cucumber.testng.PickleWrapper,io.cucumber.testng.FeatureWrapper)[pri:0, instance:runner.testNGRunner@402c4085]" started-at="2023-12-02T20:04:01 IST" name="runScenario" description="Runs Cucumber Scenarios" data-provider="scenarios" finished-at="2023-12-02T20:04:22 IST" duration-ms="20755" status="PASS">
          <params>
            <param index="0">
              <value>
                <![CDATA["To check if error message is showing"]]>
              </value>
            </param>
            <param index="1">
              <value>
                <![CDATA["basic launch browser"]]>
              </value>
            </param>
          </params>
          <reporter-output>
          </reporter-output>
        </test-method> <!-- runScenario -->
        <test-method signature="runScenario(io.cucumber.testng.PickleWrapper,io.cucumber.testng.FeatureWrapper)[pri:0, instance:runner.testNGRunner@402c4085]" started-at="2023-12-02T20:04:22 IST" name="runScenario" description="Runs Cucumber Scenarios" data-provider="scenarios" finished-at="2023-12-02T20:04:29 IST" duration-ms="7496" status="PASS">
          <params>
            <param index="0">
              <value>
                <![CDATA["launch browser"]]>
              </value>
            </param>
            <param index="1">
              <value>
                <![CDATA["basic launch browser"]]>
              </value>
            </param>
          </params>
          <reporter-output>
          </reporter-output>
        </test-method> <!-- runScenario -->
        <test-method is-config="true" signature="extentReportPopUp()[pri:0, instance:runner.testNGRunner@402c4085]" started-at="2023-12-02T20:04:29 IST" name="extentReportPopUp" finished-at="2023-12-02T20:04:31 IST" duration-ms="1216" status="PASS">
          <reporter-output>
          </reporter-output>
        </test-method> <!-- extentReportPopUp -->
        <test-method is-config="true" signature="tearDownClass()[pri:0, instance:runner.testNGRunner@402c4085]" started-at="2023-12-02T20:04:31 IST" name="tearDownClass" finished-at="2023-12-02T20:04:31 IST" duration-ms="10" status="PASS">
          <reporter-output>
          </reporter-output>
        </test-method> <!-- tearDownClass -->
      </class> <!-- runner.testNGRunner -->
    </test> <!-- Default test -->
  </suite> <!-- Default suite -->
</testng-results>
