<?xml version="1.0" encoding="UTF-8"?>
<testng-results ignored="0" total="2" passed="2" failed="0" skipped="0">
  <reporter-output>
  </reporter-output>
  <suite started-at="2023-12-01T15:17:31 IST" name="Default suite" finished-at="2023-12-01T15:18:05 IST" duration-ms="33632">
    <groups>
      <group name="cucumber">
        <method signature="AbstractTestNGCucumberTests.runScenario(io.cucumber.testng.PickleWrapper,io.cucumber.testng.FeatureWrapper)[pri:0, instance:runner.testNGRunner@57a78e3]" name="runScenario" class="io.cucumber.testng.AbstractTestNGCucumberTests"/>
      </group> <!-- cucumber -->
    </groups>
    <test started-at="2023-12-01T15:17:31 IST" name="Default test" finished-at="2023-12-01T15:18:05 IST" duration-ms="33632">
      <class name="runner.testNGRunner">
        <test-method is-config="true" signature="setUpClass(org.testng.ITestContext)[pri:0, instance:runner.testNGRunner@57a78e3]" started-at="2023-12-01T15:17:31 IST" name="setUpClass" finished-at="2023-12-01T15:17:32 IST" duration-ms="463" status="PASS">
          <params>
            <param index="0">
              <value>
                <![CDATA[org.testng.TestRunner@54247647]]>
              </value>
            </param>
          </params>
          <reporter-output>
          </reporter-output>
        </test-method> <!-- setUpClass -->
        <test-method signature="runScenario(io.cucumber.testng.PickleWrapper,io.cucumber.testng.FeatureWrapper)[pri:0, instance:runner.testNGRunner@57a78e3]" started-at="2023-12-01T15:17:32 IST" name="runScenario" description="Runs Cucumber Scenarios" data-provider="scenarios" finished-at="2023-12-01T15:17:53 IST" duration-ms="21242" status="PASS">
          <params>
            <param index="0">
              <value>
                <![CDATA["To check if error message is showing"]]>
              </value>
            </param>
            <param index="1">
              <value>
                <![CDATA["basic launch browser"]]>
              </value>
            </param>
          </params>
          <reporter-output>
          </reporter-output>
        </test-method> <!-- runScenario -->
        <test-method signature="runScenario(io.cucumber.testng.PickleWrapper,io.cucumber.testng.FeatureWrapper)[pri:0, instance:runner.testNGRunner@57a78e3]" started-at="2023-12-01T15:17:53 IST" name="runScenario" description="Runs Cucumber Scenarios" data-provider="scenarios" finished-at="2023-12-01T15:18:04 IST" duration-ms="10799" status="PASS">
          <params>
            <param index="0">
              <value>
                <![CDATA["launch browser"]]>
              </value>
            </param>
            <param index="1">
              <value>
                <![CDATA["basic launch browser"]]>
              </value>
            </param>
          </params>
          <reporter-output>
          </reporter-output>
        </test-method> <!-- runScenario -->
        <test-method is-config="true" signature="extentReportPopUp()[pri:0, instance:runner.testNGRunner@57a78e3]" started-at="2023-12-01T15:18:04 IST" name="extentReportPopUp" finished-at="2023-12-01T15:18:05 IST" duration-ms="1020" status="PASS">
          <reporter-output>
          </reporter-output>
        </test-method> <!-- extentReportPopUp -->
        <test-method is-config="true" signature="tearDownClass()[pri:0, instance:runner.testNGRunner@57a78e3]" started-at="2023-12-01T15:18:05 IST" name="tearDownClass" finished-at="2023-12-01T15:18:05 IST" duration-ms="7" status="PASS">
          <reporter-output>
          </reporter-output>
        </test-method> <!-- tearDownClass -->
      </class> <!-- runner.testNGRunner -->
    </test> <!-- Default test -->
  </suite> <!-- Default suite -->
</testng-results>
